Arguments: 
  /usr/local/bin/node /Users/admin/.cache/node/corepack/yarn/1.22.19/bin/yarn.js add esbuild

PATH: 
  /Users/admin/.rbenv/versions/3.1.3/lib/ruby/gems/3.1.0/bin:/Users/admin/.rbenv/versions/3.1.3/bin:/usr/local/Cellar/rbenv/1.2.0/libexec:/Users/admin/.rbenv/shims:/usr/local/bin:/usr/bin:/bin:/usr/sbin:/sbin:/Applications/Postgres.app/Contents/Versions/latest/bin

Yarn version: 
  1.22.19

Node version: 
  18.12.1

Platform: 
  darwin x64

Trace: 
  Error: ENOENT: no such file or directory, open '/Users/admin/Library/Caches/Yarn/v6/npm-@esbuild-darwin-x64-0.17.8-8a1aadb358d537d8efad817bb1a5bff91b84734b-integrity/node_modules/@esbuild/darwin-x64/.yarn-metadata.json'

npm manifest: 
  {
    "name": "app",
    "private": "true"
  }

yarn manifest: 
  No manifest

Lockfile: 
  No lockfile
